Dev server already running (PID 75869)
Generated 15 stories from 5 files
[35m[95mWarning:[39m[35m The [33mallowCypressEnv[39m[35m configuration option is enabled. This allows any browser code to read values from [33mCypress.env()[39m[35m. This is insecure and will be removed in a future major version.[39m
[35m[39m
[35m1. Replace [33mCypress.env()[39m[35m calls with [33mcy.env()[39m[35m (for sensitive values) or [33mCypress.expose()[39m[35m (for public configuration)[39m
[35m2. Set [33mallowCypressEnv: false[39m[35m in your Cypress configuration to disable [33mCypress.env()[39m[35m[39m
[35m[39m
[35mLearn more: https://on.cypress.io/cypress-env-migration[39m
[35m[39m

[90m====================================================================================================[39m

[0m  ([4m[1mRun Starting[22m[24m)[0m

[90m  ┌[39m[90m─[39m[90m─[39m[90m─[39m[90m─[39m[90m─[39m[90m─[39m[90m─[39m[90m─[39m[90m─[39m[90m─[39m[90m─[39m[90m─[39m[90m─[39m[90m─[39m[90m─[39m[90m─[39m[90m─[39m[90m─[39m[90m─[39m[90m─[39m[90m─[39m[90m─[39m[90m─[39m[90m─[39m[90m─[39m[90m─[39m[90m─[39m[90m─[39m[90m─[39m[90m─[39m[90m─[39m[90m─[39m[90m─[39m[90m─[39m[90m─[39m[90m─[39m[90m─[39m[90m─[39m[90m─[39m[90m─[39m[90m─[39m[90m─[39m[90m─[39m[90m─[39m[90m─[39m[90m─[39m[90m─[39m[90m─[39m[90m─[39m[90m─[39m[90m─[39m[90m─[39m[90m─[39m[90m─[39m[90m─[39m[90m─[39m[90m─[39m[90m─[39m[90m─[39m[90m─[39m[90m─[39m[90m─[39m[90m─[39m[90m─[39m[90m─[39m[90m─[39m[90m─[39m[90m─[39m[90m─[39m[90m─[39m[90m─[39m[90m─[39m[90m─[39m[90m─[39m[90m─[39m[90m─[39m[90m─[39m[90m─[39m[90m─[39m[90m─[39m[90m─[39m[90m─[39m[90m─[39m[90m─[39m[90m─[39m[90m─[39m[90m─[39m[90m─[39m[90m─[39m[90m─[39m[90m─[39m[90m─[39m[90m─[39m[90m─[39m[90m─[39m[90m─[39m[90m┐[39m
[90m  │[39m [90mCypress:[39m        15.13.0                                                                        [90m│[39m
[90m  │[39m [90mBrowser:[39m        Electron 138 [90m(headless)[39m                                                        [90m│[39m
[90m  │[39m [90mNode Version:[39m   [0mv22.22.2 [90m(/opt/hostedtoolcache/node/22.22.2/x64/bin/node)[39m[0m                      [90m│[39m
[90m  │[39m [90mSpecs:[39m          [0m1 found (mvp.cy.ts)[0m                                                            [90m│[39m
[90m  │[39m [90mSearched:[39m       [0mcypress/e2e/**/*.cy.ts[0m                                                         [90m│[39m
[90m  └[39m[90m─[39m[90m─[39m[90m─[39m[90m─[39m[90m─[39m[90m─[39m[90m─[39m[90m─[39m[90m─[39m[90m─[39m[90m─[39m[90m─[39m[90m─[39m[90m─[39m[90m─[39m[90m─[39m[90m─[39m[90m─[39m[90m─[39m[90m─[39m[90m─[39m[90m─[39m[90m─[39m[90m─[39m[90m─[39m[90m─[39m[90m─[39m[90m─[39m[90m─[39m[90m─[39m[90m─[39m[90m─[39m[90m─[39m[90m─[39m[90m─[39m[90m─[39m[90m─[39m[90m─[39m[90m─[39m[90m─[39m[90m─[39m[90m─[39m[90m─[39m[90m─[39m[90m─[39m[90m─[39m[90m─[39m[90m─[39m[90m─[39m[90m─[39m[90m─[39m[90m─[39m[90m─[39m[90m─[39m[90m─[39m[90m─[39m[90m─[39m[90m─[39m[90m─[39m[90m─[39m[90m─[39m[90m─[39m[90m─[39m[90m─[39m[90m─[39m[90m─[39m[90m─[39m[90m─[39m[90m─[39m[90m─[39m[90m─[39m[90m─[39m[90m─[39m[90m─[39m[90m─[39m[90m─[39m[90m─[39m[90m─[39m[90m─[39m[90m─[39m[90m─[39m[90m─[39m[90m─[39m[90m─[39m[90m─[39m[90m─[39m[90m─[39m[90m─[39m[90m─[39m[90m─[39m[90m─[39m[90m─[39m[90m─[39m[90m─[39m[90m─[39m[90m─[39m[90m┘[39m


[90m─[39m[90m─[39m[90m─[39m[90m─[39m[90m─[39m[90m─[39m[90m─[39m[90m─[39m[90m─[39m[90m─[39m[90m─[39m[90m─[39m[90m─[39m[90m─[39m[90m─[39m[90m─[39m[90m─[39m[90m─[39m[90m─[39m[90m─[39m[90m─[39m[90m─[39m[90m─[39m[90m─[39m[90m─[39m[90m─[39m[90m─[39m[90m─[39m[90m─[39m[90m─[39m[90m─[39m[90m─[39m[90m─[39m[90m─[39m[90m─[39m[90m─[39m[90m─[39m[90m─[39m[90m─[39m[90m─[39m[90m─[39m[90m─[39m[90m─[39m[90m─[39m[90m─[39m[90m─[39m[90m─[39m[90m─[39m[90m─[39m[90m─[39m[90m─[39m[90m─[39m[90m─[39m[90m─[39m[90m─[39m[90m─[39m[90m─[39m[90m─[39m[90m─[39m[90m─[39m[90m─[39m[90m─[39m[90m─[39m[90m─[39m[90m─[39m[90m─[39m[90m─[39m[90m─[39m[90m─[39m[90m─[39m[90m─[39m[90m─[39m[90m─[39m[90m─[39m[90m─[39m[90m─[39m[90m─[39m[90m─[39m[90m─[39m[90m─[39m[90m─[39m[90m─[39m[90m─[39m[90m─[39m[90m─[39m[90m─[39m[90m─[39m[90m─[39m[90m─[39m[90m─[39m[90m─[39m[90m─[39m[90m─[39m[90m─[39m[90m─[39m[90m─[39m[90m─[39m[90m─[39m[90m─[39m[90m─[39m
                                                                                                    
  Running:  [90mmvp.cy.ts[39m                                                                       [90m(1 of 1)[39m

[0m[0m
[0m  US-101: View home feed[0m
  [32m  ✓[0m[90m AC-101-1: Home feed displays posts[0m[90m (3050ms)[0m
  [32m  ✓[0m[90m AC-101-2: Post card shows author handle[0m[90m (252ms)[0m
  [32m  ✓[0m[90m AC-101-3: Post card links to thread detail[0m[90m (225ms)[0m

[0m  US-102: Load more posts[0m
  [32m  ✓[0m[90m AC-102-1: Load More button is visible when posts remain[0m[90m (220ms)[0m
  [32m  ✓[0m[90m AC-102-2: Clicking Load More shows additional posts[0m[90m (288ms)[0m

[0m  US-103: Like a post[0m
  [32m  ✓[0m[90m AC-103-1: Like button exists on post cards[0m[90m (257ms)[0m
  [32m  ✓[0m[90m AC-103-2: Clicking like marks post as liked[0m[90m (280ms)[0m

[0m  US-104: Bookmark a post[0m
  [32m  ✓[0m[90m AC-104-1: Bookmark button exists on post cards[0m[90m (254ms)[0m
  [32m  ✓[0m[90m AC-104-2: Clicking bookmark marks post as bookmarked[0m[90m (285ms)[0m

[0m  US-105: Compose a new post[0m
  [32m  ✓[0m[90m AC-105-1: Post composer is visible on home feed[0m[90m (225ms)[0m
  [32m  ✓[0m[90m AC-105-2: Submit button disabled when textarea is empty[0m[90m (212ms)[0m
  [32m  ✓[0m[90m AC-105-3: Submitting a post adds it to the feed[0m[90m (736ms)[0m

[0m  US-106: View post thread detail[0m
  [32m  ✓[0m[90m AC-106-1: Post detail page shows post content[0m[90m (254ms)[0m
  [32m  ✓[0m[90m AC-106-2: Post detail shows replies when they exist[0m[90m (207ms)[0m

[0m  US-201: View user profile[0m
  [32m  ✓[0m[90m AC-201-1: Profile page shows display name[0m[90m (228ms)[0m
  [32m  ✓[0m[90m AC-201-2: Profile page shows user handle[0m[90m (214ms)[0m
  [32m  ✓[0m[90m AC-201-3: Profile page shows user bio[0m[90m (211ms)[0m
  [32m  ✓[0m[90m AC-201-4: Profile page shows user posts[0m[90m (194ms)[0m

[0m  US-202: Follow a user[0m
  [32m  ✓[0m[90m AC-202-1: Follow button is visible on profile page[0m[90m (211ms)[0m
  [32m  ✓[0m[90m AC-202-2: Clicking follow changes button to unfollow[0m[90m (260ms)[0m

[0m  US-301: Search posts by keyword[0m
  [32m  ✓[0m[90m AC-301-1: Search input is present on search page[0m[90m (234ms)[0m
  [32m  ✓[0m[90m AC-301-2: Typing a keyword shows matching posts[0m[90m (492ms)[0m
  [32m  ✓[0m[90m AC-301-3: No results message shown when no matches[0m[90m (583ms)[0m

[0m  US-302: Browse explore page[0m
  [32m  ✓[0m[90m AC-302-1: Explore page shows trending tags[0m[90m (249ms)[0m
  [32m  ✓[0m[90m AC-302-2: Explore page shows suggested users[0m[90m (253ms)[0m
  [32m  ✓[0m[90m AC-302-3: Explore page shows popular posts[0m[90m (216ms)[0m

[0m  US-303: Filter explore by tag[0m
  [32m  ✓[0m[90m AC-303-1: Clicking a tag filters the post list[0m[90m (273ms)[0m

[0m  US-401: See meta banner on every page[0m
  [32m  ✓[0m[90m AC-401-1: Meta banner is visible on home page[0m[90m (208ms)[0m
  [32m  ✓[0m[90m AC-401-2: Meta banner contains link to spec[0m[90m (209ms)[0m
  [32m  ✓[0m[90m AC-401-3: Meta banner is visible on explore page[0m[90m (250ms)[0m

[0m  US-402: Toggle dark and light theme[0m
  [32m  ✓[0m[90m AC-402-1: Theme toggle button is visible in the nav[0m[90m (211ms)[0m
  [32m  ✓[0m[90m AC-402-2: Clicking theme toggle changes the theme[0m[90m (257ms)[0m

[0m  US-501: View parent post context in thread[0m
  [32m  ✓[0m[90m AC-501-1: Thread detail shows parent post when reply[0m[90m (191ms)[0m

[0m  US-502: Like a post from the thread detail page[0m
  [32m  ✓[0m[90m AC-502-1: Like button exists on thread detail[0m[90m (206ms)[0m
  [32m  ✓[0m[90m AC-502-2: Clicking like on thread detail marks post as liked[0m[90m (288ms)[0m


[92m [0m[32m 35 passing[0m[90m (29s)[0m


[32m  ([4m[1mResults[22m[24m)[39m

[90m  ┌[39m[90m─[39m[90m─[39m[90m─[39m[90m─[39m[90m─[39m[90m─[39m[90m─[39m[90m─[39m[90m─[39m[90m─[39m[90m─[39m[90m─[39m[90m─[39m[90m─[39m[90m─[39m[90m─[39m[90m─[39m[90m─[39m[90m─[39m[90m─[39m[90m─[39m[90m─[39m[90m─[39m[90m─[39m[90m─[39m[90m─[39m[90m─[39m[90m─[39m[90m─[39m[90m─[39m[90m─[39m[90m─[39m[90m─[39m[90m─[39m[90m─[39m[90m─[39m[90m─[39m[90m─[39m[90m─[39m[90m─[39m[90m─[39m[90m─[39m[90m─[39m[90m─[39m[90m─[39m[90m─[39m[90m─[39m[90m─[39m[90m─[39m[90m─[39m[90m─[39m[90m─[39m[90m─[39m[90m─[39m[90m─[39m[90m─[39m[90m─[39m[90m─[39m[90m─[39m[90m─[39m[90m─[39m[90m─[39m[90m─[39m[90m─[39m[90m─[39m[90m─[39m[90m─[39m[90m─[39m[90m─[39m[90m─[39m[90m─[39m[90m─[39m[90m─[39m[90m─[39m[90m─[39m[90m─[39m[90m─[39m[90m─[39m[90m─[39m[90m─[39m[90m─[39m[90m─[39m[90m─[39m[90m─[39m[90m─[39m[90m─[39m[90m─[39m[90m─[39m[90m─[39m[90m─[39m[90m─[39m[90m─[39m[90m─[39m[90m─[39m[90m─[39m[90m─[39m[90m┐[39m
[90m  │[39m [90mTests:[39m        [32m35[39m                                                                               [90m│[39m
[90m  │[39m [90mPassing:[39m      [32m35[39m                                                                               [90m│[39m
[90m  │[39m [90mFailing:[39m      [32m0[39m                                                                                [90m│[39m
[90m  │[39m [90mPending:[39m      [32m0[39m                                                                                [90m│[39m
[90m  │[39m [90mSkipped:[39m      [32m0[39m                                                                                [90m│[39m
[90m  │[39m [90mScreenshots:[39m  [32m35[39m                                                                               [90m│[39m
[90m  │[39m [90mVideo:[39m        [32mfalse[39m                                                                            [90m│[39m
[90m  │[39m [90mDuration:[39m     [32m28 seconds[39m                                                                       [90m│[39m
[90m  │[39m [90mSpec Ran:[39m     [32m[32mmvp.cy.ts[32m[39m                                                                        [90m│[39m
[90m  └[39m[90m─[39m[90m─[39m[90m─[39m[90m─[39m[90m─[39m[90m─[39m[90m─[39m[90m─[39m[90m─[39m[90m─[39m[90m─[39m[90m─[39m[90m─[39m[90m─[39m[90m─[39m[90m─[39m[90m─[39m[90m─[39m[90m─[39m[90m─[39m[90m─[39m[90m─[39m[90m─[39m[90m─[39m[90m─[39m[90m─[39m[90m─[39m[90m─[39m[90m─[39m[90m─[39m[90m─[39m[90m─[39m[90m─[39m[90m─[39m[90m─[39m[90m─[39m[90m─[39m[90m─[39m[90m─[39m[90m─[39m[90m─[39m[90m─[39m[90m─[39m[90m─[39m[90m─[39m[90m─[39m[90m─[39m[90m─[39m[90m─[39m[90m─[39m[90m─[39m[90m─[39m[90m─[39m[90m─[39m[90m─[39m[90m─[39m[90m─[39m[90m─[39m[90m─[39m[90m─[39m[90m─[39m[90m─[39m[90m─[39m[90m─[39m[90m─[39m[90m─[39m[90m─[39m[90m─[39m[90m─[39m[90m─[39m[90m─[39m[90m─[39m[90m─[39m[90m─[39m[90m─[39m[90m─[39m[90m─[39m[90m─[39m[90m─[39m[90m─[39m[90m─[39m[90m─[39m[90m─[39m[90m─[39m[90m─[39m[90m─[39m[90m─[39m[90m─[39m[90m─[39m[90m─[39m[90m─[39m[90m─[39m[90m─[39m[90m─[39m[90m─[39m[90m─[39m[90m┘[39m


[33m  ([4m[1mScreenshots[22m[24m)[39m

[90m [39m -  [0m/home/runner/work/demos/demos/scaffold/cypress/screenshots/mvp.cy.ts/US-101--AC-[0m    [90m[90m(1000x1064)[90m[39m
[90m [39m    [0m101-1.png[0m                                                                                      
[90m [39m -  [0m/home/runner/work/demos/demos/scaffold/cypress/screenshots/mvp.cy.ts/US-101--AC-[0m    [90m[90m(1000x1064)[90m[39m
[90m [39m    [0m101-2.png[0m                                                                                      
[90m [39m -  [0m/home/runner/work/demos/demos/scaffold/cypress/screenshots/mvp.cy.ts/US-101--AC-[0m    [90m[90m(1000x1064)[90m[39m
[90m [39m    [0m101-3.png[0m                                                                                      
[90m [39m -  [0m/home/runner/work/demos/demos/scaffold/cypress/screenshots/mvp.cy.ts/US-102--AC-[0m    [90m[90m(1000x1064)[90m[39m
[90m [39m    [0m102-1.png[0m                                                                                      
[90m [39m -  [0m/home/runner/work/demos/demos/scaffold/cypress/screenshots/mvp.cy.ts/US-102--AC-[0m    [90m[90m(1000x1709)[90m[39m
[90m [39m    [0m102-2.png[0m                                                                                      
[90m [39m -  [0m/home/runner/work/demos/demos/scaffold/cypress/screenshots/mvp.cy.ts/US-103--AC-[0m    [90m[90m(1000x1064)[90m[39m
[90m [39m    [0m103-1.png[0m                                                                                      
[90m [39m -  [0m/home/runner/work/demos/demos/scaffold/cypress/screenshots/mvp.cy.ts/US-103--AC-[0m    [90m[90m(1000x1064)[90m[39m
[90m [39m    [0m103-2.png[0m                                                                                      
[90m [39m -  [0m/home/runner/work/demos/demos/scaffold/cypress/screenshots/mvp.cy.ts/US-104--AC-[0m    [90m[90m(1000x1064)[90m[39m
[90m [39m    [0m104-1.png[0m                                                                                      
[90m [39m -  [0m/home/runner/work/demos/demos/scaffold/cypress/screenshots/mvp.cy.ts/US-104--AC-[0m    [90m[90m(1000x1064)[90m[39m
[90m [39m    [0m104-2.png[0m                                                                                      
[90m [39m -  [0m/home/runner/work/demos/demos/scaffold/cypress/screenshots/mvp.cy.ts/US-105--AC-[0m    [90m[90m(1000x1064)[90m[39m
[90m [39m    [0m105-1.png[0m                                                                                      
[90m [39m -  [0m/home/runner/work/demos/demos/scaffold/cypress/screenshots/mvp.cy.ts/US-105--AC-[0m    [90m[90m(1000x1064)[90m[39m
[90m [39m    [0m105-2.png[0m                                                                                      
[90m [39m -  [0m/home/runner/work/demos/demos/scaffold/cypress/screenshots/mvp.cy.ts/US-105--AC-[0m    [90m[90m(1000x1040)[90m[39m
[90m [39m    [0m105-3.png[0m                                                                                      
[90m [39m -  [0m/home/runner/work/demos/demos/scaffold/cypress/screenshots/mvp.cy.ts/US-106--AC-[0m     [90m[90m(1000x660)[90m[39m
[90m [39m    [0m106-1.png[0m                                                                                      
[90m [39m -  [0m/home/runner/work/demos/demos/scaffold/cypress/screenshots/mvp.cy.ts/US-106--AC-[0m     [90m[90m(1000x660)[90m[39m
[90m [39m    [0m106-2.png[0m                                                                                      
[90m [39m -  [0m/home/runner/work/demos/demos/scaffold/cypress/screenshots/mvp.cy.ts/US-201--AC-[0m     [90m[90m(1000x698)[90m[39m
[90m [39m    [0m201-1.png[0m                                                                                      
[90m [39m -  [0m/home/runner/work/demos/demos/scaffold/cypress/screenshots/mvp.cy.ts/US-201--AC-[0m     [90m[90m(1000x698)[90m[39m
[90m [39m    [0m201-2.png[0m                                                                                      
[90m [39m -  [0m/home/runner/work/demos/demos/scaffold/cypress/screenshots/mvp.cy.ts/US-201--AC-[0m     [90m[90m(1000x698)[90m[39m
[90m [39m    [0m201-3.png[0m                                                                                      
[90m [39m -  [0m/home/runner/work/demos/demos/scaffold/cypress/screenshots/mvp.cy.ts/US-201--AC-[0m     [90m[90m(1000x698)[90m[39m
[90m [39m    [0m201-4.png[0m                                                                                      
[90m [39m -  [0m/home/runner/work/demos/demos/scaffold/cypress/screenshots/mvp.cy.ts/US-202--AC-[0m     [90m[90m(1000x698)[90m[39m
[90m [39m    [0m202-1.png[0m                                                                                      
[90m [39m -  [0m/home/runner/work/demos/demos/scaffold/cypress/screenshots/mvp.cy.ts/US-202--AC-[0m     [90m[90m(1000x698)[90m[39m
[90m [39m    [0m202-2.png[0m                                                                                      
[90m [39m -  [0m/home/runner/work/demos/demos/scaffold/cypress/screenshots/mvp.cy.ts/US-301--AC-[0m     [90m[90m(1000x660)[90m[39m
[90m [39m    [0m301-1.png[0m                                                                                      
[90m [39m -  [0m/home/runner/work/demos/demos/scaffold/cypress/screenshots/mvp.cy.ts/US-301--AC-[0m     [90m[90m(1000x660)[90m[39m
[90m [39m    [0m301-2.png[0m                                                                                      
[90m [39m -  [0m/home/runner/work/demos/demos/scaffold/cypress/screenshots/mvp.cy.ts/US-301--AC-[0m     [90m[90m(1000x660)[90m[39m
[90m [39m    [0m301-3.png[0m                                                                                      
[90m [39m -  [0m/home/runner/work/demos/demos/scaffold/cypress/screenshots/mvp.cy.ts/US-302--AC-[0m    [90m[90m(1000x1403)[90m[39m
[90m [39m    [0m302-1.png[0m                                                                                      
[90m [39m -  [0m/home/runner/work/demos/demos/scaffold/cypress/screenshots/mvp.cy.ts/US-302--AC-[0m    [90m[90m(1000x1403)[90m[39m
[90m [39m    [0m302-2.png[0m                                                                                      
[90m [39m -  [0m/home/runner/work/demos/demos/scaffold/cypress/screenshots/mvp.cy.ts/US-302--AC-[0m    [90m[90m(1000x1403)[90m[39m
[90m [39m    [0m302-3.png[0m                                                                                      
[90m [39m -  [0m/home/runner/work/demos/demos/scaffold/cypress/screenshots/mvp.cy.ts/US-303--AC-[0m    [90m[90m(1000x1318)[90m[39m
[90m [39m    [0m303-1.png[0m                                                                                      
[90m [39m -  [0m/home/runner/work/demos/demos/scaffold/cypress/screenshots/mvp.cy.ts/US-401--AC-[0m    [90m[90m(1000x1064)[90m[39m
[90m [39m    [0m401-1.png[0m                                                                                      
[90m [39m -  [0m/home/runner/work/demos/demos/scaffold/cypress/screenshots/mvp.cy.ts/US-401--AC-[0m    [90m[90m(1000x1064)[90m[39m
[90m [39m    [0m401-2.png[0m                                                                                      
[90m [39m -  [0m/home/runner/work/demos/demos/scaffold/cypress/screenshots/mvp.cy.ts/US-401--AC-[0m    [90m[90m(1000x1403)[90m[39m
[90m [39m    [0m401-3.png[0m                                                                                      
[90m [39m -  [0m/home/runner/work/demos/demos/scaffold/cypress/screenshots/mvp.cy.ts/US-402--AC-[0m    [90m[90m(1000x1064)[90m[39m
[90m [39m    [0m402-1.png[0m                                                                                      
[90m [39m -  [0m/home/runner/work/demos/demos/scaffold/cypress/screenshots/mvp.cy.ts/US-402--AC-[0m    [90m[90m(1000x1064)[90m[39m
[90m [39m    [0m402-2.png[0m                                                                                      
[90m [39m -  [0m/home/runner/work/demos/demos/scaffold/cypress/screenshots/mvp.cy.ts/US-501--AC-[0m     [90m[90m(1000x660)[90m[39m
[90m [39m    [0m501-1.png[0m                                                                                      
[90m [39m -  [0m/home/runner/work/demos/demos/scaffold/cypress/screenshots/mvp.cy.ts/US-502--AC-[0m     [90m[90m(1000x660)[90m[39m
[90m [39m    [0m502-1.png[0m                                                                                      
[90m [39m -  [0m/home/runner/work/demos/demos/scaffold/cypress/screenshots/mvp.cy.ts/US-502--AC-[0m     [90m[90m(1000x660)[90m[39m
[90m [39m    [0m502-2.png[0m                                                                                      


[rootspec] Updated rootspec/tests-status.json — 15/15 stories passing


[90m====================================================================================================[39m

[0m  ([4m[1mRun Finished[22m[24m)[0m


[90m   [39m    [90mSpec[39m                                              [90mTests[39m  [90mPassing[39m  [90mFailing[39m  [90mPending[39m  [90mSkipped[39m [90m [39m
[90m  ┌[39m[90m─[39m[90m─[39m[90m─[39m[90m─[39m[90m─[39m[90m─[39m[90m─[39m[90m─[39m[90m─[39m[90m─[39m[90m─[39m[90m─[39m[90m─[39m[90m─[39m[90m─[39m[90m─[39m[90m─[39m[90m─[39m[90m─[39m[90m─[39m[90m─[39m[90m─[39m[90m─[39m[90m─[39m[90m─[39m[90m─[39m[90m─[39m[90m─[39m[90m─[39m[90m─[39m[90m─[39m[90m─[39m[90m─[39m[90m─[39m[90m─[39m[90m─[39m[90m─[39m[90m─[39m[90m─[39m[90m─[39m[90m─[39m[90m─[39m[90m─[39m[90m─[39m[90m─[39m[90m─[39m[90m─[39m[90m─[39m[90m─[39m[90m─[39m[90m─[39m[90m─[39m[90m─[39m[90m─[39m[90m─[39m[90m─[39m[90m─[39m[90m─[39m[90m─[39m[90m─[39m[90m─[39m[90m─[39m[90m─[39m[90m─[39m[90m─[39m[90m─[39m[90m─[39m[90m─[39m[90m─[39m[90m─[39m[90m─[39m[90m─[39m[90m─[39m[90m─[39m[90m─[39m[90m─[39m[90m─[39m[90m─[39m[90m─[39m[90m─[39m[90m─[39m[90m─[39m[90m─[39m[90m─[39m[90m─[39m[90m─[39m[90m─[39m[90m─[39m[90m─[39m[90m─[39m[90m─[39m[90m─[39m[90m─[39m[90m─[39m[90m─[39m[90m─[39m[90m┐[39m
[90m  │[39m [32m✔[39m  [0mmvp.cy.ts[0m                                [90m00:28[39m       [0m35[0m       [32m35[39m        [90m-[39m        [90m-[39m        [90m-[39m [90m│[39m
[90m  └[39m[90m─[39m[90m─[39m[90m─[39m[90m─[39m[90m─[39m[90m─[39m[90m─[39m[90m─[39m[90m─[39m[90m─[39m[90m─[39m[90m─[39m[90m─[39m[90m─[39m[90m─[39m[90m─[39m[90m─[39m[90m─[39m[90m─[39m[90m─[39m[90m─[39m[90m─[39m[90m─[39m[90m─[39m[90m─[39m[90m─[39m[90m─[39m[90m─[39m[90m─[39m[90m─[39m[90m─[39m[90m─[39m[90m─[39m[90m─[39m[90m─[39m[90m─[39m[90m─[39m[90m─[39m[90m─[39m[90m─[39m[90m─[39m[90m─[39m[90m─[39m[90m─[39m[90m─[39m[90m─[39m[90m─[39m[90m─[39m[90m─[39m[90m─[39m[90m─[39m[90m─[39m[90m─[39m[90m─[39m[90m─[39m[90m─[39m[90m─[39m[90m─[39m[90m─[39m[90m─[39m[90m─[39m[90m─[39m[90m─[39m[90m─[39m[90m─[39m[90m─[39m[90m─[39m[90m─[39m[90m─[39m[90m─[39m[90m─[39m[90m─[39m[90m─[39m[90m─[39m[90m─[39m[90m─[39m[90m─[39m[90m─[39m[90m─[39m[90m─[39m[90m─[39m[90m─[39m[90m─[39m[90m─[39m[90m─[39m[90m─[39m[90m─[39m[90m─[39m[90m─[39m[90m─[39m[90m─[39m[90m─[39m[90m─[39m[90m─[39m[90m─[39m[90m─[39m[90m┘[39m
[90m   [39m [32m✔[39m  [32mAll specs passed![39m                        [90m00:28[39m       [0m35[0m       [32m35[39m        [90m-[39m        [90m-[39m        [90m-[39m [90m [39m

Stopping dev server (PID 75869)...
Dev server stopped
